<?xml version="1.0" encoding="UTF-8"?>
<!-- Generated by org.testng.reporters.JUnitXMLReporter -->
<testsuite hostname="Vishals-MacBook-Pro.local" name="Test2" tests="1" failures="1" timestamp="14 Oct 2016 06:30:00 GMT" time="3.831" errors="0">
  <testcase name="testmethod" time="3.427" classname="AutomationTests.CreateProject">
    <failure type="java.lang.AssertionError" message="expected [true] but found [false]">
      <![CDATA[java.lang.AssertionError: expected [true] but found [false]
	at utilities.functionLibrary.createProject(functionLibrary.java:110)
	at AutomationTests.CreateProject.testmethod(CreateProject.java:38)
... Removed 28 stack frames]]>
    </failure>
  </testcase> <!-- testmethod -->
</testsuite> <!-- Test2 -->
